"../../../Engine/Content/Functions/Engine_MaterialFunctions01/Opacity/CameraDepthFade.uasset" 0
"../../../Engine/Content/EngineMaterials/T_Default_Material_Grid_M.uasset" 1
"../../../Engine/Content/EngineMaterials/T_Default_Material_Grid_N.uasset" 2
"../../../Engine/Content/EngineMaterials/WorldGridMaterial.uasset" 3
"../../../Engine/Content/ArtTools/RenderToTexture/Meshes/S_1_Unit_Plane.uasset" 4
"../../../Engine/Content/BasicShapes/Plane.uasset" 5
"../../../Engine/Content/EngineMaterials/DefaultPhysicalMaterial.uasset" 6
"../../../Engine/Content/BufferVisualization/AmbientOcclusion.uasset" 7
"../../../Engine/Content/BufferVisualization/BaseColor.uasset" 8
"../../../Engine/Content/BufferVisualization/CustomDepth.uasset" 9
"../../../Engine/Content/Functions/Engine_MaterialFunctions02/Utility/VectorLength.uasset" 10
"../../../Engine/Content/BufferVisualization/CustomDepthWorldUnits.uasset" 11
"../../../Engine/Content/Functions/Engine_MaterialFunctions02/Utility/BreakOutFloat2Components.uasset" 12
"../../../Engine/Content/Functions/Engine_MaterialFunctions01/Texturing/ScaleUVsByCenter.uasset" 13
"../../../Engine/Content/Functions/Engine_MaterialFunctions02/ScreenResolution.uasset" 14
"../../../Engine/Content/Functions/Engine_MaterialFunctions02/Texturing/ScreenAlignedUVs.uasset" 15
"../../../Engine/Content/Functions/Engine_MaterialFunctions02/Utility/MakeFloat2.uasset" 16
"../../../Engine/Content/Functions/Engine_MaterialFunctions02/Utility/MakeFloat3.uasset" 17
"../../../Engine/Content/EngineMaterials/MiniFont.uasset" 18
"../../../Engine/Content/BufferVisualization/CustomStencil.uasset" 19
"../../../Engine/Content/BufferVisualization/FinalImage.uasset" 20
"../../../Engine/Content/BufferVisualization/LightingModel.uasset" 21
"../../../Engine/Content/BufferVisualization/MaterialAO.uasset" 22
"../../../Engine/Content/BufferVisualization/Metallic.uasset" 23
"../../../Engine/Content/BufferVisualization/Opacity.uasset" 24
"../../../Engine/Content/BufferVisualization/PostTonemapHDRColor.uasset" 25
"../../../Engine/Content/BufferVisualization/PreTonemapHDRColor.uasset" 26
"../../../Engine/Content/BufferVisualization/Roughness.uasset" 27
"../../../Engine/Content/BufferVisualization/SceneColor.uasset" 28
"../../../Engine/Content/BufferVisualization/SceneDepth.uasset" 29
"../../../Engine/Content/BufferVisualization/SceneDepthWorldUnits.uasset" 30
"../../../Engine/Content/BufferVisualization/SeparateTranslucencyA.uasset" 31
"../../../Engine/Content/BufferVisualization/SeparateTranslucencyRGB.uasset" 32
"../../../Engine/Content/BufferVisualization/Specular.uasset" 33
"../../../Engine/Content/BufferVisualization/SubsurfaceColor.uasset" 34
"../../../Engine/Content/BufferVisualization/WorldNormal.uasset" 35
"../../../Engine/Content/EditorLandscapeResources/DataLayer.uasset" 36
"../../../Engine/Content/EditorLandscapeResources/DefaultAlphaTexture.uasset" 37
"../../../Engine/Content/EditorLandscapeResources/LandscapeGizmoHeight_Mat.uasset" 38
"../../../Engine/Content/EditorLandscapeResources/LandscapeGizmo_Mat.uasset" 39
"../../../Engine/Content/EditorLandscapeResources/LandscapeGizmo_Mat_Copied.uasset" 40
"../../../Engine/Content/EditorLandscapeResources/SplineEditorMeshMat.uasset" 41
"../../../Engine/Content/EditorLandscapeResources/SplineEditorMesh.uasset" 42
"../../../Engine/Content/EditorMaterials/Cross.uasset" 43
"../../../Engine/Content/EditorMaterials/Cross_Mat.uasset" 44
"../../../Engine/Content/EditorMaterials/GizmoMaterial.uasset" 45
"../../../Engine/Content/Functions/Engine_MaterialFunctions02/Utility/Sign.uasset" 46
"../../../Engine/Content/Functions/Engine_MaterialFunctions02/Utility/Round.uasset" 47
"../../../Engine/Content/Functions/Engine_MaterialFunctions02/ExampleContent/Textures/flipbook.uasset" 48
"../../../Engine/Content/Functions/Engine_MaterialFunctions02/Texturing/FlipBook.uasset" 49
"../../../Engine/Content/EditorResources/T_EditorHelp.uasset" 50
"../../../Engine/Content/EditorMaterials/HelpActorMaterial.uasset" 51
"../../../Engine/Content/EditorMaterials/CompositeARGBLayer.uasset" 52
"../../../Engine/Content/EditorMaterials/TilingAALineIntegral.uasset" 53
"../../../Engine/Content/EditorMaterials/TilingAALineBoxFiltered.uasset" 54
"../../../Engine/Content/Functions/Engine_MaterialFunctions03/Procedurals/ComputeFilterWidth.uasset" 55
"../../../Engine/Content/EditorMaterials/TilingAADots.uasset" 56
"../../../Engine/Content/EditorMaterials/Cascade/CASC_Cross.uasset" 57
"../../../Engine/Content/EditorMaterials/Cascade/CASC_None.uasset" 58
"../../../Engine/Content/Functions/Engine_MaterialFunctions03/Blends/Blend_Screen.uasset" 59
"../../../Engine/Content/EditorMaterials/TilingAAGrid.uasset" 60
"../../../Engine/Content/EditorMaterials/LevelGridMaterial.uasset" 61
"../../../Engine/Content/EditorMaterials/MakeCompositeARGBLayer.uasset" 62
"../../../Engine/Content/EditorResources/LevelGrid1DStripes.uasset" 63
"../../../Engine/Content/EditorMaterials/TextureGridCascaded1D.uasset" 64
"../../../Engine/Content/EditorMaterials/TextureGridCascaded2D.uasset" 65
"../../../Engine/Content/EditorMaterials/LevelGridMaterial2.uasset" 66
"../../../Engine/Content/EditorMaterials/MAT_Groups_Toggle.uasset" 67
"../../../Engine/Content/EditorMaterials/MAT_Groups_Visibility.uasset" 68
"../../../Engine/Content/EditorMaterials/PhAT_BoneSelectedMaterial.uasset" 69
"../../../Engine/Content/EditorMaterials/PhAT_ElemSelectedMaterial.uasset" 70
"../../../Engine/Content/EditorMaterials/PhAT_NoCollisionMaterial.uasset" 71
"../../../Engine/Content/EditorMaterials/PhAT_UnselectedMaterial.uasset" 72
"../../../Engine/Content/EditorMaterials/PreviewShadowIndicator.uasset" 73
"../../../Engine/Content/EditorMaterials/PreviewShadowIndicatorMaterial.uasset" 74
"../../../Engine/Content/EditorMaterials/TargetIcon.uasset" 75
"../../../Engine/Content/EditorMaterials/Tick.uasset" 76
"../../../Engine/Content/EditorMaterials/Tick_Mat.uasset" 77
"../../../Engine/Content/EditorMaterials/WidgetGridVertexColorMaterial.uasset" 78
"../../../Engine/Content/EditorMaterials/WidgetGridVertexColorMaterial_Ma.uasset" 79
"../../../Engine/Content/EditorMaterials/WidgetMaterial.uasset" 80
"../../../Engine/Content/EditorMaterials/WidgetMaterial_Current.uasset" 81
"../../../Engine/Content/EditorMaterials/WidgetMaterial_X.uasset" 82
"../../../Engine/Content/EditorMaterials/WidgetMaterial_Y.uasset" 83
"../../../Engine/Content/EditorMaterials/WidgetMaterial_Z.uasset" 84
"../../../Engine/Content/EditorMaterials/WidgetVertexColorMaterial.uasset" 85
"../../../Engine/Content/EditorMaterials/AssetViewer/EpicQuadPanorama_CC+EV1.uasset" 86
"../../../Engine/Content/EditorMaterials/MatineeGroups/MAT_ColorTrack.uasset" 87
"../../../Engine/Content/EditorMaterials/MatineeGroups/MAT_Groups_Anim.uasset" 88
"../../../Engine/Content/EditorMaterials/MatineeGroups/MAT_Groups_AudioMaster.uasset" 89
"../../../Engine/Content/EditorMaterials/MatineeGroups/MAT_Groups_Director.uasset" 90
"../../../Engine/Content/EditorMaterials/MatineeGroups/MAT_Groups_Event.uasset" 91
"../../../Engine/Content/EditorMaterials/MatineeGroups/MAT_Groups_Fade.uasset" 92
"../../../Engine/Content/EditorMaterials/MatineeGroups/MAT_Groups_Float.uasset" 93
"../../../Engine/Content/EditorMaterials/MatineeGroups/MAT_Groups_Move.uasset" 94
"../../../Engine/Content/EditorMaterials/MatineeGroups/MAT_Groups_Slomo.uasset" 95
"../../../Engine/Content/EditorMaterials/MatineeGroups/MAT_Groups_Sound.uasset" 96
"../../../Engine/Content/EditorMaterials/MatineeGroups/MAT_Groups_Vector.uasset" 97
"../../../Engine/Content/EditorMaterials/ParticleSystems/PSysThumbnail_NoImage.uasset" 98
"../../../Engine/Content/EditorMaterials/ParticleSystems/PSysThumbnail_OOD.uasset" 99
"../../../Engine/Content/EngineMaterials/Grid.uasset" 100
"../../../Engine/Content/EditorMaterials/Thumbnails/FloorPlaneMaterial.uasset" 101
"../../../Engine/Content/EditorMeshes/EditorCylinder.uasset" 102
"../../../Engine/Content/EditorMeshes/EditorPlane.uasset" 103
"../../../Engine/Content/EditorMaterials/Thumbnails/SkySphereMaterial.uasset" 104
"../../../Engine/Content/EditorMeshes/EditorSkySphere.uasset" 105
"../../../Engine/Content/EditorMeshes/EditorSphere.uasset" 106
"../../../Engine/Content/EditorResources/MatineeCam_D.uasset" 107
"../../../Engine/Content/EditorMaterials/MatineeCam_mat.uasset" 108
"../../../Engine/Content/EditorMeshes/MatineeCam_SM.uasset" 109
"../../../Engine/Content/EditorMaterials/Camera/CineMat.uasset" 110
"../../../Engine/Content/EditorMaterials/Camera/MI_CineMat_CameraBody.uasset" 111
"../../../Engine/Content/EngineDebugMaterials/M_SimpleOpaque.uasset" 112
"../../../Engine/Content/EditorMaterials/Camera/MI_CineMat_CamViewFinder.uasset" 113
"../../../Engine/Content/EditorMeshes/Camera/SM_CineCam.uasset" 114
"../../../Engine/Content/EditorMaterials/Camera/MI_CineMat_Rig.uasset" 115
"../../../Engine/Content/EditorMeshes/Camera/SM_CraneRig_Arm.uasset" 116
"../../../Engine/Content/EditorMeshes/Camera/SM_CraneRig_Base.uasset" 117
"../../../Engine/Content/EditorMeshes/Camera/SM_CraneRig_Body.uasset" 118
"../../../Engine/Content/EditorMeshes/Camera/SM_CraneRig_Mount.uasset" 119
"../../../Engine/Content/EditorMeshes/Camera/SM_RailRig_Mount.uasset" 120
"../../../Engine/Content/EditorMeshes/Camera/SM_RailRig_Track.uasset" 121
"../../../Engine/Content/EditorMeshes/ColorCalibrator/M_ChromeBall.uasset" 122
"../../../Engine/Content/EditorMeshes/ColorCalibrator/M_ClearCoat.uasset" 123
"../../../Engine/Content/EditorMeshes/ColorCalibrator/M_ClearCoatBlack.uasset" 124
"../../../Engine/Content/EditorMeshes/ColorCalibrator/T_ColorGrid.uasset" 125
"../../../Engine/Content/EditorMeshes/ColorCalibrator/M_ColorGrid.uasset" 126
"../../../Engine/Content/EditorMeshes/ColorCalibrator/M_GreyBall.uasset" 127
"../../../Engine/Content/EditorMeshes/ColorCalibrator/SM_ColorCalibrator.uasset" 128
"../../../Engine/Content/EditorResources/Bad.uasset" 129
"../../../Engine/Content/EditorResources/BSPVertex.uasset" 130
"../../../Engine/Content/EditorResources/EmptyActor.uasset" 131
"../../../Engine/Content/EditorResources/MatInstActSprite.uasset" 132
"../../../Engine/Content/EditorResources/SceneManager.uasset" 133
"../../../Engine/Content/EditorResources/SmallFont.uasset" 134
"../../../Engine/Content/EditorResources/S_Actor.uasset" 135
"../../../Engine/Content/EditorResources/S_DecalActorIcon.uasset" 136
"../../../Engine/Content/EditorResources/S_Emitter.uasset" 137
"../../../Engine/Content/EditorResources/S_ExpoHeightFog.uasset" 138
"../../../Engine/Content/EditorResources/S_FTest.uasset" 139
"../../../Engine/Content/EditorResources/S_KBSJoint.uasset" 140
"../../../Engine/Content/EditorResources/S_KHinge.uasset" 141
"../../../Engine/Content/EditorResources/S_KPrismatic.uasset" 142
"../../../Engine/Content/EditorResources/S_LevelSequence.uasset" 143
"../../../Engine/Content/EditorResources/S_NavP.uasset" 144
"../../../Engine/Content/EditorResources/S_Note.uasset" 145
"../../../Engine/Content/EditorResources/S_Player.uasset" 146
"../../../Engine/Content/EditorResources/S_PortalActorIcon2.uasset" 147
"../../../Engine/Content/EditorResources/S_RadForce.uasset" 148
"../../../Engine/Content/EditorResources/S_ReflActorIcon.uasset" 149
"../../../Engine/Content/EditorResources/S_Terrain.uasset" 150
"../../../Engine/Content/EditorResources/S_TextRenderActorIcon.uasset" 151
"../../../Engine/Content/EditorResources/S_Thruster.uasset" 152
"../../../Engine/Content/EditorResources/S_Trigger.uasset" 153
"../../../Engine/Content/EditorResources/S_VectorFieldVol.uasset" 154
"../../../Engine/Content/EditorResources/S_WindDirectional.uasset" 155
"../../../Engine/Content/EditorResources/AI/S_NavLink.uasset" 156
"../../../Engine/Content/EditorResources/LightIcons/SkyLight.uasset" 157
"../../../Engine/Content/EditorResources/LightIcons/S_LightDirectional.uasset" 158
"../../../Engine/Content/EditorResources/LightIcons/S_LightDirectionalMove.uasset" 159
"../../../Engine/Content/EditorResources/LightIcons/S_LightError.uasset" 160
"../../../Engine/Content/EditorResources/LightIcons/S_LightPoint.uasset" 161
"../../../Engine/Content/EditorResources/LightIcons/S_LightPointMove.uasset" 162
"../../../Engine/Content/EditorResources/LightIcons/S_LightSpot.uasset" 163
"../../../Engine/Content/EditorResources/LightIcons/S_LightSpotMove.uasset" 164
"../../../Engine/Content/EditorResources/SequenceRecorder/Countdown.uasset" 165
"../../../Engine/Content/EditorResources/SequenceRecorder/RecordingIndicator.uasset" 166
"../../../Engine/Content/EditorResources/Spline/T_Loft_Spline.uasset" 167
"../../../Engine/Content/EditorSounds/Notifications/CompileFailed.uasset" 168
"../../../Engine/Content/EditorSounds/Notifications/CompileFailed_Cue.uasset" 169
"../../../Engine/Content/EditorSounds/Notifications/CompileSuccess.uasset" 170
"../../../Engine/Content/EditorSounds/Notifications/CompileStart_Cue.uasset" 171
"../../../Engine/Content/EditorSounds/Notifications/CompileSuccess_Cue.uasset" 172
"../../../Engine/Content/EngineDamageTypes/DmgTypeBP_Environmental.uasset" 173
"../../../Engine/Content/EngineDebugMaterials/HeatmapGradient.uasset" 174
"../../../Engine/Content/EngineDebugMaterials/BoneWeightMaterial.uasset" 175
"../../../Engine/Content/EngineDebugMaterials/ClothMaterial.uasset" 176
"../../../Engine/Content/EngineDebugMaterials/ClothMaterial_WF.uasset" 177
"../../../Engine/Content/EngineDebugMaterials/DebugEditorMaterial.uasset" 178
"../../../Engine/Content/EngineDebugMaterials/DebugMeshMaterial.uasset" 179
"../../../Engine/Content/EngineDebugMaterials/GeomMaterial.uasset" 180
"../../../Engine/Content/Functions/Engine_MaterialFunctions01/Shading/ConvertFromDiffSpec.uasset" 181
"../../../Engine/Content/EngineDebugMaterials/LevelColorationLitMaterial.uasset" 182
"../../../Engine/Content/EngineDebugMaterials/LevelColorationUnlitMaterial.uasset" 183
"../../../Engine/Content/EngineMaterials/DefaultWhiteGrid.uasset" 184
"../../../Engine/Content/EngineDebugMaterials/MAT_LevelColorationLitLightmapUV.uasset" 185
"../../../Engine/Content/EngineDebugMaterials/M_SimpleTranslucent.uasset" 186
"../../../Engine/Content/EngineDebugMaterials/ShadedLevelColorationLitMaterial.uasset" 187
"../../../Engine/Content/EngineDebugMaterials/ShadedLevelColorationUnlitMateri.uasset" 188
"../../../Engine/Content/EngineDebugMaterials/VertexColorMaterial.uasset" 189
"../../../Engine/Content/EngineDebugMaterials/VertexColorViewMode_AlphaAsColor.uasset" 190
"../../../Engine/Content/EngineDebugMaterials/VertexColorViewMode_BlueOnly.uasset" 191
"../../../Engine/Content/EngineDebugMaterials/VertexColorViewMode_ColorOnly.uasset" 192
"../../../Engine/Content/EngineDebugMaterials/VertexColorViewMode_GreenOnly.uasset" 193
"../../../Engine/Content/EngineDebugMaterials/VertexColorViewMode_RedOnly.uasset" 194
"../../../Engine/Content/EngineDebugMaterials/WireframeMaterial.uasset" 195
"../../../Engine/Content/EngineFonts/Faces/RobotoBold.uasset" 196
"../../../Engine/Content/EngineFonts/Faces/RobotoBoldItalic.uasset" 197
"../../../Engine/Content/EngineFonts/Faces/RobotoItalic.uasset" 198
"../../../Engine/Content/EngineFonts/Faces/RobotoLight.uasset" 199
"../../../Engine/Content/EngineFonts/Faces/RobotoRegular.uasset" 200
"../../../Engine/Content/EngineFonts/Roboto.uasset" 201
"../../../Engine/Content/EngineFonts/Faces/RobotoTiny.uasset" 202
"../../../Engine/Content/EngineFonts/RobotoTiny.uasset" 203
"../../../Engine/Content/EngineFonts/SmallFont.uasset" 204
"../../../Engine/Content/EngineFonts/TinyFont.uasset" 205
"../../../Engine/Content/EngineResources/WhiteSquareTexture.uasset" 206
"../../../Engine/Content/EngineMaterials/BlinkingCaret.uasset" 207
"../../../Engine/Content/EngineMaterials/DefaultBloomKernel.uasset" 208
"../../../Engine/Content/EngineMaterials/DefaultBokeh.uasset" 209
"../../../Engine/Content/EngineMaterials/DefaultDiffuse.uasset" 210
"../../../Engine/Content/EngineMaterials/DefaultDeferredDecalMaterial.uasset" 211
"../../../Engine/Content/EngineMaterials/DefaultLightFunctionMaterial.uasset" 212
"../../../Engine/Content/EngineMaterials/DefaultNormal.uasset" 213
"../../../Engine/Content/EngineMaterials/DefaultPostProcessMaterial.uasset" 214
"../../../Engine/Content/EngineFonts/RobotoDistanceField.uasset" 215
"../../../Engine/Content/EngineMaterials/DefaultTextMaterialOpaque.uasset" 216
"../../../Engine/Content/EngineMaterials/EditorBrushMaterial.uasset" 217
"../../../Engine/Content/EngineMaterials/Grid_N.uasset" 218
"../../../Engine/Content/EngineMaterials/HighResolutionScreenshotMaskFunction.uasset" 219
"../../../Engine/Content/EngineMaterials/HighResScreenshot.uasset" 220
"../../../Engine/Content/EngineMaterials/HighResScreenshotCaptureRegion.uasset" 221
"../../../Engine/Content/EngineMaterials/HighResScreenshotMask.uasset" 222
"../../../Engine/Content/EngineMaterials/LandscapeHolePhysicalMaterial.uasset" 223
"../../../Engine/Content/EngineMaterials/InvalidLightmapSettings.uasset" 224
"../../../Engine/Content/EngineMaterials/M_InvalidLightmapSettings.uasset" 225
"../../../Engine/Content/EngineMaterials/PaperDiffuse.uasset" 226
"../../../Engine/Content/EngineMaterials/PaperNormal.uasset" 227
"../../../Engine/Content/EngineMaterials/PhAT_JointLimitMaterial.uasset" 228
"../../../Engine/Content/EngineMaterials/PhysMat_Rubber.uasset" 229
"../../../Engine/Content/EngineMaterials/PreintegratedSkinBRDF.uasset" 230
"../../../Engine/Content/EngineMaterials/RemoveSurfaceMaterial.uasset" 231
"../../../Engine/Content/EngineMaterials/WeightMapPlaceholderTexture.uasset" 232
"../../../Engine/Content/EngineMaterials/Widget3DPassThrough.uasset" 233
"../../../Engine/Content/EngineMaterials/Widget3DPassThrough_Masked.uasset" 234
"../../../Engine/Content/EngineMaterials/Widget3DPassThrough_Opaque.uasset" 235
"../../../Engine/Content/EngineMaterials/Widget3DPassThrough_Masked_OneSided.uasset" 236
"../../../Engine/Content/EngineMaterials/Widget3DPassThrough_Opaque_OneSided.uasset" 237
"../../../Engine/Content/EngineMaterials/Widget3DPassThrough_Translucent.uasset" 238
"../../../Engine/Content/EngineMaterials/Widget3DPassThrough_Translucent_OneSided.uasset" 239
"../../../Engine/Content/EngineMaterials/DefaultMaterial.uasset" 240
"../../../Engine/Content/EngineMeshes/Cube.uasset" 241
"../../../Engine/Content/EngineMeshes/Cylinder.uasset" 242
"../../../Engine/Content/EngineMeshes/Sphere.uasset" 243
"../../../Engine/Content/EngineResources/Black.uasset" 244
"../../../Engine/Content/EngineResources/DefaultTexture.uasset" 245
"../../../Engine/Content/EngineResources/DefaultTextureCube.uasset" 246
"../../../Engine/Content/EngineResources/GradientTexture0.uasset" 247
"../../../Engine/Content/EngineResources/StreamingPauseIcon.uasset" 248
"../../../Engine/Content/EngineResources/M_StreamingPause.uasset" 249
"../../../Engine/Content/EngineSounds/Master.uasset" 250
"../../../Engine/Content/Functions/Engine_MaterialFunctions01/Shading/PowerToRoughness.uasset" 251
"../../../Engine/Content/Maps/Templates/Thumbnails/Default.uasset" 252
"../../../Engine/Content/Maps/Templates/Thumbnails/VR-Basic.uasset" 253
"../../../Engine/Content/MapTemplates/Sky/DaylightAmbientCubemap.uasset" 254
"../../../Engine/Content/MobileResources/T_MobileControls_texture.uasset" 255
"../../../Engine/Content/MobileResources/T_MobileMenu2.uasset" 256
"../../../Engine/Content/MobileResources/HUD/AnalogHat.uasset" 257
"../../../Engine/Content/MobileResources/HUD/VirtualJoystick_Background.uasset" 258
"../../../Engine/Content/MobileResources/HUD/VirtualJoystick_Thumb.uasset" 259
"../../../Engine/Content/MobileResources/HUD/DefaultVirtualJoysticks.uasset" 260
"../../../Engine/Content/MobileResources/HUD/LeftVirtualJoystickOnly.uasset" 261
"../../../Engine/Content/MobileResources/HUD/MobileHUDButton1_off.uasset" 262
"../../../Engine/Content/MobileResources/HUD/MobileHUDButton1_on.uasset" 263
"../../../Engine/Content/MobileResources/HUD/MobileHUDButton2_off.uasset" 264
"../../../Engine/Content/MobileResources/HUD/MobileHUDButton2_on.uasset" 265
"../../../Engine/Content/MobileResources/HUD/MobileHUDButton3.uasset" 266
"../../../Engine/Content/MobileResources/HUD/MobileHUDButtonFire.uasset" 267
"../../../Engine/Content/MobileResources/HUD/MobileHUDDirectionPad.uasset" 268
"../../../Engine/Content/MobileResources/HUD/MobileHUDDirectionPad2.uasset" 269
"../../../Engine/Content/MobileResources/HUD/MobileHUDDirectionPad3.uasset" 270
"../../../Engine/Content/MobileResources/HUD/MobileHUDDirectionStick.uasset" 271
"../../../Engine/Content/MobileResources/HUD/T_Castle_ThumbstickInner.uasset" 272
"../../../Engine/Content/MobileResources/HUD/T_Castle_ThumbstickOutter.uasset" 273
"../../../Engine/Content/Tutorial/ContentIntroCurve.uasset" 274
"../../../Engine/Content/Tutorial/Basics/TutorialAssets/CameraActor_64x.uasset" 275
"../../../Engine/Content/Tutorial/Basics/TutorialAssets/icon_tab_Levels_40x.uasset" 276
"../../../Engine/Content/Tutorial/BlueprintTutorials/TutorialAssets/BlueprintInterface_64x.uasset" 277
"../../../Engine/Content/Tutorial/BlueprintTutorials/TutorialAssets/BlueprintMacroLibrary_64x.uasset" 278
"../../../Engine/Content/Tutorial/BlueprintTutorials/TutorialAssets/Blueprint_64x.uasset" 279
"../../../Engine/Content/Tutorial/BlueprintTutorials/TutorialAssets/Tutorial_BP_Interface.uasset" 280
"../../../Engine/Content/Tutorial/Foliage/TutorialAssets/Foliage.uasset" 281
"../../../Engine/Content/Tutorial/Landscape/TutorialAssets/Landscape.uasset" 282
"../../../Engine/Content/Tutorial/Paper2D/TutorialAssets/Paper2DFlipbook_TutorialIcon.uasset" 283
"../../../Engine/Content/Tutorial/Paper2D/TutorialAssets/Paper2DSprite_TutorialIcon.uasset" 284
"../../../Engine/Content/Tutorial/SubEditors/TutorialAssets/icon_Editor_Preferences_General_40x.uasset" 285
"../../../Engine/Content/Tutorial/SubEditors/TutorialAssets/icon_ShowSkeletalMeshes_40x.uasset" 286
"../../../Engine/Content/Tutorial/SubEditors/TutorialAssets/TutorialMaterial.uasset" 287
"../../../Engine/Content/Tutorial/SubEditors/TutorialAssets/T_SmokeSubUV_8X8.uasset" 288
"../../../Engine/Content/Tutorial/SubEditors/TutorialAssets/T_soft_smoke.uasset" 289
"../../../Engine/Content/Tutorial/SubEditors/TutorialAssets/M_smoke_subUV_blackbody.uasset" 290
"../../../Engine/Content/Tutorial/SubEditors/TutorialAssets/TutorialParticleSystem.uasset" 291
"../../../Engine/Content/EditorMeshes/EditorCube.uasset" 292
"../../../Engine/Content/Tutorial/SubEditors/TutorialAssets/Tutorial_DM.uasset" 293
"../../../Engine/Content/VREditor/Devices/Generic/GenericHMDMaterial.uasset" 294
"../../../Engine/Content/VREditor/Devices/Generic/GenericHMD.uasset" 295
"../../../Engine/Content/VREditor/FloatingText/LineMaterial.uasset" 296
"../../../Engine/Content/VREditor/FloatingText/JointSphere.uasset" 297
"../../../Engine/Content/VREditor/FloatingText/LineSegmentCylinder.uasset" 298
"../../../Engine/Content/VREditor/Fonts/VRText_RobotoLarge.uasset" 299
"../../../Engine/Content/VREditor/Fonts/VRTextMaterial.uasset" 300
"../../../Engine/Content/VREditor/Fonts/TranslucentVRTextMaterial.uasset" 301
"../../../Engine/Content/VREditor/LaserPointer/CursorPointer.uasset" 302
"../../../Engine/Content/VREditor/LaserPointer/VR_LaserPower_01.uasset" 303
"../../../Engine/Content/VREditor/TransformGizmo/TransformGizmoMaterial.uasset" 304
"../../../Engine/Content/VREditor/LaserPointer/HoverMaterial.uasset" 305
"../../../Engine/Content/VREditor/TransformGizmo/TranslucentTransformGizmoMaterial.uasset" 306
"../../../Engine/Content/VREditor/LaserPointer/TranslucentHoverMaterial.uasset" 307
"../../../Engine/Content/VREditor/LaserPointer/HoverMesh.uasset" 308
"../../../Engine/Content/VREditor/LaserPointer/LaserPointerMaterial.uasset" 309
"../../../Engine/Content/VREditor/LaserPointer/LaserPointerMaterialInst.uasset" 310
"../../../Engine/Content/VREditor/LaserPointer/TranslucentLaserPointerMaterialInst.uasset" 311
"../../../Engine/Content/VREditor/LaserPointer/LaserPointerMesh.uasset" 312
"../../../Engine/Content/VREditor/LaserPointer/LaserPointerMesh_End.uasset" 313
"../../../Engine/Content/VREditor/LaserPointer/LaserPointerMesh_Start.uasset" 314
"../../../Engine/Content/Functions/Engine_MaterialFunctions02/Utility/BreakOutFloat3Components.uasset" 315
"../../../Engine/Content/Functions/Engine_MaterialFunctions02/Math/Transform3x3Matrix.uasset" 316
"../../../Engine/Content/Functions/Engine_MaterialFunctions02/SplitComponents.uasset" 317
"../../../Engine/Content/VREditor/SnapGrid/SnapGridMaterial.uasset" 318
"../../../Engine/Content/VREditor/SnapGrid/SnapGridPlaneMesh.uasset" 319
"../../../Engine/Content/VREditor/Sounds/VR_teleport.uasset" 320
"../../../Engine/Content/VREditor/Sounds/UI/Click_on_Button_Cue.uasset" 321
"../../../Engine/Content/VREditor/Sounds/UI/Dockable_Window_Close.uasset" 322
"../../../Engine/Content/VREditor/Sounds/UI/Dockable_Window_Drop.uasset" 323
"../../../Engine/Content/VREditor/Sounds/UI/Dockable_Window_Open.uasset" 324
"../../../Engine/Content/VREditor/Sounds/UI/Dockable_Window_Pick_Up.uasset" 325
"../../../Engine/Content/VREditor/Sounds/UI/Drop_Item_From_ContentBrowser.uasset" 326
"../../../Engine/Content/VREditor/Sounds/UI/Floating_UI_Open-001.uasset" 327
"../../../Engine/Content/VREditor/Sounds/UI/Gizmo_Handle_Clicked.uasset" 328
"../../../Engine/Content/VREditor/Sounds/UI/Object_PickUp.uasset" 329
"../../../Engine/Content/VREditor/Sounds/UI/Object_Snaps_To_Another_Actor.uasset" 330
"../../../Engine/Content/VREditor/Sounds/UI/Object_Snaps_To_Grid.uasset" 331
"../../../Engine/Content/VREditor/Sounds/UI/Radial_Menu_FadeOut.uasset" 332
"../../../Engine/Content/VREditor/Sounds/UI/Scaling_Down.uasset" 333
"../../../Engine/Content/VREditor/Sounds/UI/Scaling_Up.uasset" 334
"../../../Engine/Content/VREditor/Sounds/UI/Selection_Changes.uasset" 335
"../../../Engine/Content/VREditor/Sounds/UI/Teleport_Mode_Entered.uasset" 336
"../../../Engine/Content/VREditor/Teleport/TeleportDirectionMaterial.uasset" 337
"../../../Engine/Content/VREditor/Teleport/TeleportDirectionMaterial_Inst.uasset" 338
"../../../Engine/Content/VREditor/Teleport/TeleportDirectionMesh.uasset" 339
"../../../Engine/Content/VREditor/TransformGizmo/BoundingBoxCorner.uasset" 340
"../../../Engine/Content/VREditor/TransformGizmo/BoundingBoxEdge.uasset" 341
"../../../Engine/Content/VREditor/TransformGizmo/PlaneTranslationHandle.uasset" 342
"../../../Engine/Content/VREditor/TransformGizmo/RotationHandleFull.uasset" 343
"../../../Engine/Content/VREditor/TransformGizmo/RotationHandleIndicator.uasset" 344
"../../../Engine/Content/VREditor/TransformGizmo/RotationHandleQuarter.uasset" 345
"../../../Engine/Content/VREditor/TransformGizmo/Main.uasset" 346
"../../../Engine/Content/VREditor/TransformGizmo/Xray.uasset" 347
"../../../Engine/Content/VREditor/TransformGizmo/SM_Dialog_Close.uasset" 348
"../../../Engine/Content/VREditor/TransformGizmo/SM_Dialog_Move.uasset" 349
"../../../Engine/Content/VREditor/TransformGizmo/SM_Sequencer_Key.uasset" 350
"../../../Engine/Content/VREditor/TransformGizmo/StartRotationHandleIndicator.uasset" 351
"../../../Engine/Content/VREditor/TransformGizmo/TranslucentTransformGizmoMaterial_Inst.uasset" 352
"../../../Engine/Content/VREditor/TransformGizmo/TransformGizmoFreeRotation.uasset" 353
"../../../Engine/Content/VREditor/TransformGizmo/TransformGizmoMaterial_Inst.uasset" 354
"../../../Engine/Content/VREditor/TransformGizmo/TranslateArrowHandle.uasset" 355
"../../../Engine/Content/VREditor/TransformGizmo/UniformScaleHandle.uasset" 356
"../../../Engine/Content/VREditor/UI/KeyDiskMaterial.uasset" 357
"../../../Engine/Content/VREditor/UI/DiscMaterial.uasset" 358
"../../../Engine/Content/VREditor/UI/SM_Radial_Disk.uasset" 359
"../../../Engine/Content/Functions/Engine_MaterialFunctions01/Gradient/RadialGradient.uasset" 360
"../../../Engine/Content/VREditor/WorldMovementGrid/SimpleGrid.uasset" 361
"../../../Engine/Content/VREditor/WorldMovementGrid/GridMaterial.uasset" 362
"../../../Engine/Content/Functions/Engine_MaterialFunctions01/Density/ExponentialDensity.uasset" 363
"../../../Engine/Content/VREditor/WorldMovementGrid/GridPostProcess.uasset" 364
"../../../Engine/Content/EditorLandscapeResources/FlattenHeightMat.uasset" 365
"../../../Engine/Content/VREditor/WorldMovementGrid/PlaneMesh.uasset" 366
"../../../TPS2/Content/CustomTextures/Tar1.uasset" 367
"../../../TPS2/Content/CustomTextures/Tar1_Mat.uasset" 368
"../../../TPS2/Content/CustomTextures/TarImg1.uasset" 369
"../../../TPS2/Content/CustomTextures/TarImg1_Mat.uasset" 370
"../../../TPS2/Content/CustomTextures/TarImg2.uasset" 371
"../../../TPS2/Content/CustomTextures/TarImg2_Mat.uasset" 372
"../../../Engine/Content/Functions/Engine_MaterialFunctions02/Math/CreateThirdOrthogonalVector.uasset" 373
"../../../TPS2/Content/KiteDemo/Material/WorldCoords-XY.uasset" 374
"../../../TPS2/Content/KiteDemo/Environments/Foliage/Grass/FieldGrass/T_FieldGrass_01_D.uasset" 375
"../../../TPS2/Content/KiteDemo/Environments/Foliage/Grass/FieldGrass/T_FieldGrass_02_M.uasset" 376
"../../../TPS2/Content/KiteDemo/Environments/Textures/T_Water_N.uasset" 377
"../../../TPS2/Content/KiteDemo/Environments/Foliage/Grass/FieldGrass/M_FieldGrass_01.uasset" 378
"../../../TPS2/Content/KiteDemo/Environments/Foliage/Grass/FieldGrass/M_FieldGrass_Inst_01.uasset" 379
"../../../TPS2/Content/KiteDemo/Environments/Foliage/Grass/FieldGrass/M_FieldGrass_Inst_01_LOD1.uasset" 380
"../../../TPS2/Content/KiteDemo/Environments/Foliage/Grass/FieldGrass/M_FieldGrass_Inst_01_LOD2.uasset" 381
"../../../TPS2/Content/KiteDemo/Environments/Foliage/Grass/FieldGrass/SM_FieldGrass_01.uasset" 382
"../../../TPS2/Content/Mannequin/Character/Mesh/UE4_Mannequin_Skeleton.uasset" 383
"../../../TPS2/Content/Mannequin/Animations/ThirdPerson_Jump.uasset" 384
"../../../TPS2/Content/Mannequin/Animations/ThirdPersonJump_Loop.uasset" 385
"../../../TPS2/Content/Mannequin/Animations/ThirdPersonJump_Start.uasset" 386
"../../../TPS2/Content/Mannequin/Animations/ThirdPersonIdle.uasset" 387
"../../../TPS2/Content/Mannequin/Animations/ThirdPersonRun.uasset" 388
"../../../TPS2/Content/Mannequin/Animations/ThirdPersonWalk.uasset" 389
"../../../TPS2/Content/Mannequin/Animations/ThirdPerson_IdleRun_2D.uasset" 390
"../../../Engine/Content/EditorBlueprintResources/StandardMacros.uasset" 391
"../../../TPS2/Content/Mannequin/Animations/ThirdPerson_AnimBP.uasset" 392
"../../../Engine/Content/Functions/Engine_MaterialFunctions02/Utility/BlendAngleCorrectedNormals.uasset" 393
"../../../Engine/Content/Functions/MaterialLayerFunctions/MatLayerBlend_NormalBlend.uasset" 394
"../../../Engine/Content/Functions/MaterialLayerFunctions/MatLayerBlend_Simple.uasset" 395
"../../../TPS2/Content/Mannequin/Character/Materials/MaterialLayers/T_ML_Rubber_Blue_01_D.uasset" 396
"../../../TPS2/Content/Mannequin/Character/Materials/MaterialLayers/T_ML_Rubber_Blue_01_N.uasset" 397
"../../../TPS2/Content/Mannequin/Character/Materials/MaterialLayers/ML_GlossyBlack_Latex_UE4.uasset" 398
"../../../TPS2/Content/Mannequin/Character/Materials/MaterialLayers/ML_Plastic_Shiny_Beige.uasset" 399
"../../../TPS2/Content/Mannequin/Character/Textures/UE4_LOGO_CARD.uasset" 400
"../../../TPS2/Content/Mannequin/Character/Materials/MaterialLayers/ML_Plastic_Shiny_Beige_LOGO.uasset" 401
"../../../TPS2/Content/Mannequin/Character/Materials/MaterialLayers/T_ML_Aluminum01.uasset" 402
"../../../TPS2/Content/Mannequin/Character/Materials/MaterialLayers/T_ML_Aluminum01_N.uasset" 403
"../../../TPS2/Content/Mannequin/Character/Materials/MaterialLayers/ML_SoftMetal_UE4.uasset" 404
"../../../TPS2/Content/Mannequin/Character/Textures/UE4_Mannequin__normals.uasset" 405
"../../../TPS2/Content/Mannequin/Character/Textures/UE4_Mannequin_MAT_MASKA.uasset" 406
"../../../TPS2/Content/Mannequin/Character/Materials/M_UE4Man_Body.uasset" 407
"../../../TPS2/Content/Mannequin/Character/Textures/UE4Man_Logo_N.uasset" 408
"../../../TPS2/Content/Mannequin/Character/Materials/M_UE4Man_ChestLogo.uasset" 409
"../../../TPS2/Content/Mannequin/Character/Mesh/SK_Mannequin_PhysicsAsset.uasset" 410
"../../../TPS2/Content/Mannequin/Character/Mesh/SK_Mannequin.uasset" 411
"../../../TPS2/Content/ThirdPersonBP/Blueprints/ThirdPersonCharacter.uasset" 412
"../../../TPS2/Content/ThirdPersonBP/Blueprints/ThirdPersonGameMode.uasset" 413
"../../../Engine/Plugins/2D/Paper2D/Content/PlaceholderTextures/DummySpriteTexture.uasset" 414
"../../../Engine/Plugins/2D/Paper2D/Content/DummySprite.uasset" 415
"../../../Engine/Plugins/2D/Paper2D/Content/DefaultPaperTerrainMaterial.uasset" 416
"../../../Engine/Plugins/2D/Paper2D/Content/DefaultSpriteMaterial.uasset" 417
"../../../Engine/Plugins/2D/Paper2D/Content/MaskedUnlitSpriteMaterial.uasset" 418
"../../../Engine/Plugins/2D/Paper2D/Content/OpaqueUnlitSpriteMaterial.uasset" 419
"../../../Engine/Plugins/Runtime/Oculus/OculusVR/Content/Textures/GearVRController_AO.uasset" 420
"../../../Engine/Plugins/Runtime/Oculus/OculusVR/Content/Textures/GearVRController_Color.uasset" 421
"../../../Engine/Plugins/Runtime/Oculus/OculusVR/Content/Textures/GearVRController_Normal.uasset" 422
"../../../Engine/Plugins/Runtime/Oculus/OculusVR/Content/Materials/GearVRControllerMaterial.uasset" 423
"../../../Engine/Plugins/Runtime/Oculus/OculusVR/Content/Meshes/GearVrController.uasset" 424
"../../../Engine/Content/Maps/Entry.umap" 425
"../../../TPS2/Content/AI/BasicAI.uasset" 426
"../../../TPS2/Content/NewMap_BuiltData.uasset" 427
"../../../Engine/Content/BasicShapes/BasicShapeMaterial.uasset" 428
"../../../TPS2/Content/CustomTextures/CrossingTex7.uasset" 429
"../../../TPS2/Content/CustomTextures/CrossingTex7_Mat.uasset" 430
"../../../TPS2/Content/CustomTextures/General/Concrete1.uasset" 431
"../../../TPS2/Content/CustomTextures/General/Concrete1_Mat.uasset" 432
"../../../TPS2/Content/CustomTextures/General/Tar2.uasset" 433
"../../../TPS2/Content/CustomTextures/General/Tar2_Mat.uasset" 434
"../../../TPS2/Content/CustomTextures/LightPoleBlack1.uasset" 435
"../../../TPS2/Content/CustomTextures/LightPoleBlack1_Mat.uasset" 436
"../../../TPS2/Content/CustomTextures/PathSchu2-2.uasset" 437
"../../../TPS2/Content/CustomTextures/PathSchu2-2_Mat.uasset" 438
"../../../TPS2/Content/CustomTextures/PathSchu2-3.uasset" 439
"../../../TPS2/Content/CustomTextures/PathSchu2-3_Mat.uasset" 440
"../../../TPS2/Content/CustomTextures/PathSchu5.uasset" 441
"../../../TPS2/Content/CustomTextures/PathSchu5_Mat.uasset" 442
"../../../TPS2/Content/CustomTextures/PathSchu6.uasset" 443
"../../../TPS2/Content/CustomTextures/PathSchu6_Mat.uasset" 444
"../../../TPS2/Content/CustomTextures/PollBlackLight.uasset" 445
"../../../TPS2/Content/CustomTextures/PollBlackLight_Mat.uasset" 446
"../../../TPS2/Content/CustomTextures/SchuBrick7.uasset" 447
"../../../TPS2/Content/CustomTextures/SchuBrick7_Mat.uasset" 448
"../../../TPS2/Content/CustomTextures/SchuFount2.uasset" 449
"../../../TPS2/Content/CustomTextures/SchuFount2_Mat.uasset" 450
"../../../TPS2/Content/CustomTextures/SchuFount3.uasset" 451
"../../../TPS2/Content/CustomTextures/SchuFount3_Mat.uasset" 452
"../../../TPS2/Content/CustomTextures/SchuFount5.uasset" 453
"../../../TPS2/Content/CustomTextures/SchuFount5_Mat.uasset" 454
"../../../TPS2/Content/CustomTextures/SchuFount6.uasset" 455
"../../../TPS2/Content/CustomTextures/SchuFount6_Mat.uasset" 456
"../../../TPS2/Content/CustomTextures/SchuFountain/SchuFountWater2.uasset" 457
"../../../TPS2/Content/CustomTextures/SchuFountain/SchuFountWater2_Mat.uasset" 458
"../../../TPS2/Content/CustomTextures/SchuFountain/SchuFountWater3.uasset" 459
"../../../TPS2/Content/CustomTextures/SchuFountain/SchuFountWater3_Mat.uasset" 460
"../../../TPS2/Content/CustomTextures/Schuman/SchuBrick10.uasset" 461
"../../../TPS2/Content/CustomTextures/Schuman/SchuBrick10_Mat.uasset" 462
"../../../TPS2/Content/CustomTextures/Schuman/SchuBrick12.uasset" 463
"../../../TPS2/Content/CustomTextures/Schuman/SchuBrick12_Mat.uasset" 464
"../../../TPS2/Content/CustomTextures/Schuman/SchuBrick13.uasset" 465
"../../../TPS2/Content/CustomTextures/Schuman/SchuBrick13_Mat.uasset" 466
"../../../TPS2/Content/CustomTextures/Schuman/SchuBrick14.uasset" 467
"../../../TPS2/Content/CustomTextures/Schuman/SchuBrick14_Mat.uasset" 468
"../../../TPS2/Content/CustomTextures/Schuman/SchuBrick15.uasset" 469
"../../../TPS2/Content/CustomTextures/Schuman/SchuBrick15_Mat.uasset" 470
"../../../TPS2/Content/CustomTextures/Schuman/SchuBrick16.uasset" 471
"../../../TPS2/Content/CustomTextures/Schuman/SchuBrick16_Mat.uasset" 472
"../../../TPS2/Content/CustomTextures/Schuman/SchuBrick20.uasset" 473
"../../../TPS2/Content/CustomTextures/Schuman/SchuBrick20_Mat.uasset" 474
"../../../TPS2/Content/CustomTextures/Schuman/SchuBrick8.uasset" 475
"../../../TPS2/Content/CustomTextures/Schuman/SchuBrick8_Mat.uasset" 476
"../../../TPS2/Content/CustomTextures/Schuman/SchuBrick9.uasset" 477
"../../../TPS2/Content/CustomTextures/Schuman/SchuBrick9_Mat.uasset" 478
"../../../TPS2/Content/CustomTextures/Schuman/SchuBrickWindow2.uasset" 479
"../../../TPS2/Content/CustomTextures/Schuman/SchuBrickWindow2_Mat.uasset" 480
"../../../TPS2/Content/CustomTextures/SchuWindowBar.uasset" 481
"../../../TPS2/Content/CustomTextures/SchuWindowBar_Mat.uasset" 482
"../../../TPS2/Content/CustomTextures/SmallPoll1.uasset" 483
"../../../TPS2/Content/CustomTextures/SmallPoll1_Mat.uasset" 484
"../../../TPS2/Content/CustomTextures/TraffLightButton1.uasset" 485
"../../../TPS2/Content/CustomTextures/TraffLightButton1_Mat.uasset" 486
"../../../TPS2/Content/CustomTextures/TrafLightPoll1.uasset" 487
"../../../TPS2/Content/CustomTextures/TrafLightPoll1_Mat.uasset" 488
"../../../TPS2/Content/CustomTextures/WoodPoll1.uasset" 489
"../../../TPS2/Content/CustomTextures/WoodPoll1_Mat.uasset" 490
"../../../TPS2/Content/CustomTextures/WoodPoll2.uasset" 491
"../../../TPS2/Content/CustomTextures/WoodPoll2_Mat.uasset" 492
"../../../TPS2/Content/newestMap2.uasset" 493
"../../../TPS2/Content/newestMap2_Mat.uasset" 494
"../../../TPS2/Content/NewestMap7.uasset" 495
"../../../TPS2/Content/NewestMap7_Mat.uasset" 496
"../../../TPS2/Content/StarterContent/Materials/M_Basic_Wall.uasset" 497
"../../../TPS2/Content/StarterContent/Textures/T_Brick_Clay_Old_D.uasset" 498
"../../../TPS2/Content/StarterContent/Textures/T_Brick_Clay_Old_N.uasset" 499
"../../../TPS2/Content/StarterContent/Textures/T_MacroVariation.uasset" 500
"../../../TPS2/Content/StarterContent/Textures/T_Perlin_Noise_M.uasset" 501
"../../../TPS2/Content/StarterContent/Materials/M_Brick_Clay_Old.uasset" 502
"../../../TPS2/Content/StarterContent/Textures/T_Ceramic_Tile_M.uasset" 503
"../../../TPS2/Content/StarterContent/Textures/T_Ceramic_Tile_N.uasset" 504
"../../../TPS2/Content/StarterContent/Textures/T_Rock_Marble_Polished_D.uasset" 505
"../../../TPS2/Content/StarterContent/Materials/M_Ceramic_Tile_Checker.uasset" 506
"../../../TPS2/Content/StarterContent/Textures/T_CobbleStone_Rough_D.uasset" 507
"../../../TPS2/Content/StarterContent/Textures/T_CobbleStone_Rough_N.uasset" 508
"../../../TPS2/Content/StarterContent/Textures/T_Gradinet_01.uasset" 509
"../../../TPS2/Content/StarterContent/Textures/T_Rock_Smooth_Granite_D.uasset" 510
"../../../TPS2/Content/StarterContent/Materials/M_CobbleStone_Rough.uasset" 511
"../../../TPS2/Content/StarterContent/Textures/T_CobbleStone_Smooth_D.uasset" 512
"../../../TPS2/Content/StarterContent/Textures/T_CobbleStone_Smooth_M.uasset" 513
"../../../TPS2/Content/StarterContent/Textures/T_CobbleStone_Smooth_N.uasset" 514
"../../../TPS2/Content/StarterContent/Materials/M_CobbleStone_Smooth.uasset" 515
"../../../TPS2/Content/StarterContent/Materials/M_ColorGrid_LowSpec.uasset" 516
"../../../TPS2/Content/StarterContent/Textures/T_Concrete_Grime_D.uasset" 517
"../../../TPS2/Content/StarterContent/Textures/T_Metal_Rust_N.uasset" 518
"../../../TPS2/Content/StarterContent/Materials/M_Concrete_Grime.uasset" 519
"../../../TPS2/Content/StarterContent/Textures/T_Concrete_Poured_D.uasset" 520
"../../../TPS2/Content/StarterContent/Textures/T_Concrete_Poured_N.uasset" 521
"../../../TPS2/Content/StarterContent/Materials/M_Concrete_Poured.uasset" 522
"../../../TPS2/Content/StarterContent/Textures/T_Concrete_Tiles_D.uasset" 523
"../../../TPS2/Content/StarterContent/Textures/T_Concrete_Tiles_M.uasset" 524
"../../../TPS2/Content/StarterContent/Textures/T_Concrete_Tiles_N.uasset" 525
"../../../TPS2/Content/StarterContent/Textures/T_Concrete_Tiles_Variation_M.uasset" 526
"../../../TPS2/Content/StarterContent/Materials/M_Concrete_Tiles.uasset" 527
"../../../TPS2/Content/StarterContent/Materials/M_Glass.uasset" 528
"../../../TPS2/Content/StarterContent/Textures/T_Ground_Gravel_D.uasset" 529
"../../../TPS2/Content/StarterContent/Textures/T_Ground_Gravel_N.uasset" 530
"../../../TPS2/Content/StarterContent/Materials/M_Ground_Gravel.uasset" 531
"../../../TPS2/Content/StarterContent/Textures/T_ground_Moss_D.uasset" 532
"../../../TPS2/Content/StarterContent/Textures/T_Ground_Moss_N.uasset" 533
"../../../TPS2/Content/StarterContent/Materials/M_Ground_Moss.uasset" 534
"../../../TPS2/Content/StarterContent/Textures/T_Metal_Aluminum_D.uasset" 535
"../../../TPS2/Content/StarterContent/Textures/T_Metal_Gold_N.uasset" 536
"../../../TPS2/Content/StarterContent/Materials/M_Metal_Burnished_Steel.uasset" 537
"../../../TPS2/Content/StarterContent/Materials/M_Metal_Chrome.uasset" 538
"../../../TPS2/Content/StarterContent/Textures/T_Metal_Copper_D.uasset" 539
"../../../TPS2/Content/StarterContent/Materials/M_Metal_Copper.uasset" 540
"../../../TPS2/Content/StarterContent/Textures/T_Metal_Gold_D.uasset" 541
"../../../TPS2/Content/StarterContent/Materials/M_Metal_Gold.uasset" 542
"../../../TPS2/Content/StarterContent/Textures/T_Metal_Rust_D.uasset" 543
"../../../TPS2/Content/StarterContent/Materials/M_Metal_Rust.uasset" 544
"../../../TPS2/Content/StarterContent/Textures/T_Metal_Steel_D.uasset" 545
"../../../TPS2/Content/StarterContent/Textures/T_Metal_Steel_N.uasset" 546
"../../../TPS2/Content/StarterContent/Materials/M_Metal_Steel.uasset" 547
"../../../TPS2/Content/StarterContent/Textures/T_Rock_Basalt_D.uasset" 548
"../../../TPS2/Content/StarterContent/Textures/T_Rock_Basalt_N.uasset" 549
"../../../TPS2/Content/StarterContent/Materials/M_Rock_Basalt.uasset" 550
"../../../TPS2/Content/StarterContent/Textures/T_Rock_Slate_D.uasset" 551
"../../../TPS2/Content/StarterContent/Textures/T_Rock_Slate_N.uasset" 552
"../../../TPS2/Content/StarterContent/Materials/M_Rock_Slate.uasset" 553
"../../../TPS2/Content/StarterContent/Textures/T_Checker_Noise_M.uasset" 554
"../../../TPS2/Content/StarterContent/Textures/T_Single_Tile_N.uasset" 555
"../../../TPS2/Content/StarterContent/Textures/T_Tech_Dot_M.uasset" 556
"../../../TPS2/Content/StarterContent/Textures/T_Tech_Dot_N.uasset" 557
"../../../TPS2/Content/StarterContent/Materials/M_Tech_Checker_Dot.uasset" 558
"../../../TPS2/Content/StarterContent/Textures/T_Tech_Hex_Tile_M.uasset" 559
"../../../TPS2/Content/StarterContent/Textures/T_Tech_Hex_Tile_N.uasset" 560
"../../../TPS2/Content/StarterContent/Materials/M_Tech_Hex_Tile.uasset" 561
"../../../TPS2/Content/StarterContent/Materials/M_Tech_Hex_Tile_Pulse.uasset" 562
"../../../TPS2/Content/StarterContent/Textures/T_Tech_Panel_M.uasset" 563
"../../../TPS2/Content/StarterContent/Textures/T_Tech_Panel_N.uasset" 564
"../../../TPS2/Content/StarterContent/Materials/M_Tech_Panel.uasset" 565
"../../../TPS2/Content/StarterContent/Textures/T_Water_N.uasset" 566
"../../../TPS2/Content/StarterContent/Materials/M_Water_Lake.uasset" 567
"../../../TPS2/Content/StarterContent/Textures/T_Water_M.uasset" 568
"../../../TPS2/Content/StarterContent/Materials/M_Water_Ocean.uasset" 569
"../../../TPS2/Content/StarterContent/Textures/T_Wood_Floor_Walnut_D.uasset" 570
"../../../TPS2/Content/StarterContent/Textures/T_Wood_Floor_Walnut_M.uasset" 571
"../../../TPS2/Content/StarterContent/Textures/T_Wood_Floor_Walnut_N.uasset" 572
"../../../TPS2/Content/StarterContent/Materials/M_Wood_Floor_Walnut_Polished.uasset" 573
"../../../Engine/Content/Functions/Engine_MaterialFunctions01/Opacity/AlphaOffset.uasset" 574
"../../../TPS2/Content/StarterContent/Materials/M_Wood_Floor_Walnut_Worn.uasset" 575
"../../../TPS2/Content/StarterContent/Textures/T_Wood_Oak_D.uasset" 576
"../../../TPS2/Content/StarterContent/Textures/T_Wood_Oak_N.uasset" 577
"../../../TPS2/Content/StarterContent/Materials/M_Wood_Oak.uasset" 578
"../../../TPS2/Content/StarterContent/Textures/T_Wood_Pine_D.uasset" 579
"../../../TPS2/Content/StarterContent/Textures/T_Wood_Pine_N.uasset" 580
"../../../TPS2/Content/StarterContent/Materials/M_Wood_Pine.uasset" 581
"../../../TPS2/Content/StarterContent/Textures/T_Wood_Walnut_D.uasset" 582
"../../../TPS2/Content/StarterContent/Textures/T_Wood_Walnut_N.uasset" 583
"../../../TPS2/Content/StarterContent/Materials/M_Wood_Walnut.uasset" 584
"../../../TPS2/Content/CampusPictures/H__10__Mat.uasset" 585
"../../../TPS2/Content/CampusPictures/H__10__Mat_Inst.uasset" 586
"../../../TPS2/Content/CustomTextures/CrossingTex1.uasset" 587
"../../../TPS2/Content/CustomTextures/CrossingTex1_Mat.uasset" 588
"../../../TPS2/Content/CustomTextures/CrossingTex1_MatSmall.uasset" 589
"../../../TPS2/Content/CustomTextures/General/Curb1.uasset" 590
"../../../TPS2/Content/CustomTextures/General/Curb1_Mat.uasset" 591
"../../../TPS2/Content/CustomTextures/General/Curb1_Mat_Inst.uasset" 592
"../../../TPS2/Content/CustomTextures/PathSchu2.uasset" 593
"../../../TPS2/Content/CustomTextures/PathSchu2_Mat.uasset" 594
"../../../TPS2/Content/CustomTextures/PathSchu2_Mat_Inst.uasset" 595
"../../../TPS2/Content/CustomTextures/PathSchu4.uasset" 596
"../../../TPS2/Content/CustomTextures/PathSchu4_Mat.uasset" 597
"../../../TPS2/Content/CustomTextures/PathSchu4_Mat_Inst.uasset" 598
"../../../TPS2/Content/CustomTextures/PlusBuildings/PlusSign1_Mat.uasset" 599
"../../../TPS2/Content/CustomTextures/PlusBuildings/PlusSign1_Mat_Inst.uasset" 600
"../../../TPS2/Content/CustomTextures/SchuFountain/SchuFount5.uasset" 601
"../../../TPS2/Content/CustomTextures/SchuFountain/SchuFount5_Mat.uasset" 602
"../../../TPS2/Content/CustomTextures/SchuFountain/SchuFount5_Mat_Inst.uasset" 603
"../../../TPS2/Content/CustomTextures/Schuman/SchuBrick11.uasset" 604
"../../../TPS2/Content/CustomTextures/Schuman/SchuBrick11_Mat.uasset" 605
"../../../TPS2/Content/CustomTextures/Schuman/SchuBrick11_Mat_Inst.uasset" 606
"../../../TPS2/Content/CustomTextures/SchuSign1.uasset" 607
"../../../TPS2/Content/CustomTextures/SchuSign1_Mat.uasset" 608
"../../../TPS2/Content/CustomTextures/SchuSign1_Mat_Inst.uasset" 609
"../../../TPS2/Content/CustomTextures/SchuSign2.uasset" 610
"../../../TPS2/Content/CustomTextures/SchuSign2_Mat.uasset" 611
"../../../TPS2/Content/CustomTextures/SchuSign2_Mat_Inst.uasset" 612
"../../../TPS2/Content/CustomTextures/SchuSign3.uasset" 613
"../../../TPS2/Content/CustomTextures/SchuSign3_Mat.uasset" 614
"../../../TPS2/Content/CustomTextures/SchuSign3_Mat_Inst.uasset" 615
"../../../TPS2/Content/CustomTextures/SchuSign3_Mat_Inst1.uasset" 616
"../../../TPS2/Content/CustomTextures/SchuWindow/SchuWindow1.uasset" 617
"../../../TPS2/Content/CustomTextures/SchuWindow/SchuWindow1_Mat.uasset" 618
"../../../TPS2/Content/CustomTextures/SchuWindow/SchuWindow1_Mat_Inst.uasset" 619
"../../../TPS2/Content/CustomTextures/SidePathSchu.uasset" 620
"../../../TPS2/Content/CustomTextures/SidePathSchu_Mat.uasset" 621
"../../../TPS2/Content/CustomTextures/SidePathSchu_Mat_Inst.uasset" 622
"../../../TPS2/Content/CustomTextures/SideSchuPath3.uasset" 623
"../../../TPS2/Content/CustomTextures/SideSchuPath3_Mat.uasset" 624
"../../../TPS2/Content/CustomTextures/SideSchuPath3_Mat_Inst.uasset" 625
"../../../TPS2/Content/CustomTextures/SideSchuPath3_Mat_Inst1.uasset" 626
"../../../TPS2/Content/I__4_.uasset" 627
"../../../TPS2/Content/I__4__Mat.uasset" 628
"../../../TPS2/Content/I__4__Mat_Inst.uasset" 629
"../../../TPS2/Content/I__10_.uasset" 630
"../../../TPS2/Content/schu.uasset" 631
"../../../TPS2/Content/schu_Inst.uasset" 632
"../../../TPS2/Content/StarterContent/Textures/T_Brick_Clay_New_D.uasset" 633
"../../../TPS2/Content/StarterContent/Textures/T_Brick_Clay_New_M.uasset" 634
"../../../TPS2/Content/StarterContent/Textures/T_Brick_Clay_New_N.uasset" 635
"../../../TPS2/Content/StarterContent/Textures/T_Detail_Rocky_N.uasset" 636
"../../../TPS2/Content/StarterContent/Materials/M_Brick_Clay_New.uasset" 637
"../../../TPS2/Content/StarterContent/Materials/M_Brick_Clay_New_Inst.uasset" 638
"../../../Engine/Content/BasicShapes/Cone.uasset" 639
"../../../Engine/Content/BasicShapes/Cube.uasset" 640
"../../../Engine/Content/BasicShapes/Cylinder.uasset" 641
"../../../Engine/Content/BasicShapes/Sphere.uasset" 642
"../../../Engine/Content/Functions/Engine_MaterialFunctions01/SpeedTree/SpeedTreeColorVariation.uasset" 643
"../../../TPS2/Content/KiteDemo/Environments/Foliage/BogMyrtle_01/BogMyrtle_01_Atlas_Billboards_Normal_Tex.uasset" 644
"../../../TPS2/Content/KiteDemo/Environments/Foliage/BogMyrtle_01/BogMyrtle_01_Atlas_Billboards_Tex.uasset" 645
"../../../TPS2/Content/KiteDemo/Environments/Foliage/BogMyrtle_01/BogMyrtle_01_Billboard_Mat.uasset" 646
"../../../TPS2/Content/KiteDemo/Environments/Foliage/BogMyrtle_01/BogMyrtle_01_Atlas_Normal_Tex.uasset" 647
"../../../TPS2/Content/KiteDemo/Environments/Foliage/BogMyrtle_01/BogMyrtle_01_Atlas_Tex.uasset" 648
"../../../TPS2/Content/KiteDemo/Environments/Foliage/BogMyrtle_01/T_BogMyrtleBtm_01_D.uasset" 649
"../../../TPS2/Content/KiteDemo/Environments/Foliage/BogMyrtle_01/T_BogMyrtleBtm_01_N.uasset" 650
"../../../TPS2/Content/KiteDemo/Environments/Foliage/BogMyrtle_01/BogMyrtle_01_Fronds_Mat.uasset" 651
"../../../TPS2/Content/KiteDemo/Environments/Foliage/BogMyrtle_01/BogMyrtle_01.uasset" 652
"../../../TPS2/Content/KiteDemo/Environments/Foliage/BogMyrtleBush_01/BogMyrtleBush_01_Atlas_Billboards_Normal_Tex.uasset" 653
"../../../TPS2/Content/KiteDemo/Environments/Foliage/BogMyrtleBush_01/BogMyrtleBush_01_Atlas_Billboards_Tex.uasset" 654
"../../../TPS2/Content/KiteDemo/Environments/Foliage/BogMyrtleBush_01/MI_BogMyrtleBush_01_Billboard.uasset" 655
"../../../TPS2/Content/KiteDemo/Environments/Foliage/BogMyrtleBush_01/BogMyrtleBush_01.uasset" 656
"../../../TPS2/Content/KiteDemo/Environments/Foliage/BogMyrtleBush_02/BogMyrtleBush_02_Atlas_Billboards_Normal_Tex.uasset" 657
"../../../TPS2/Content/KiteDemo/Environments/Foliage/BogMyrtleBush_02/BogMyrtleBush_02_Atlas_Billboards_Tex.uasset" 658
"../../../TPS2/Content/KiteDemo/Environments/Foliage/BogMyrtleBush_02/MI_BogMyrtleBush_02_Billboard.uasset" 659
"../../../TPS2/Content/KiteDemo/Environments/Foliage/BogMyrtleBush_02/BogMyrtleBush_02.uasset" 660
"../../../Engine/Content/Functions/Engine_MaterialFunctions01/WorldPositionOffset/SimpleGrassWind.uasset" 661
"../../../Engine/Content/Functions/Engine_MaterialFunctions02/ObjectLocalToWorldData.uasset" 662
"../../../Engine/Content/Functions/Engine_MaterialFunctions02/WorldPositionOffset/ObjectScale.uasset" 663
"../../../Engine/Content/Functions/Engine_MaterialFunctions02/PivotPainter/PivotPainter_PerObjectData.uasset" 664
"../../../Engine/Content/Functions/Engine_MaterialFunctions02/WorldPositionOffset/Wind.uasset" 665
"../../../Engine/Content/Functions/Engine_MaterialFunctions02/PivotPainter/PivotPainter_PerObjectFoliageData.uasset" 666
"../../../TPS2/Content/KiteDemo/Environments/Foliage/Ferns/T_Fern_01_D.uasset" 667
"../../../TPS2/Content/KiteDemo/Environments/Foliage/Ferns/T_Fern_01_N.uasset" 668
"../../../TPS2/Content/KiteDemo/Environments/Foliage/Ferns/T_Ice_Noise_N.uasset" 669
"../../../TPS2/Content/KiteDemo/Environments/Foliage/Ferns/T_TilingNoise06_N.uasset" 670
"../../../TPS2/Content/KiteDemo/Environments/Textures/T_Water_Screen_Noise_Soft2.uasset" 671
"../../../TPS2/Content/KiteDemo/Environments/Foliage/Ferns/M_Fern_01.uasset" 672
"../../../TPS2/Content/KiteDemo/Environments/Foliage/Ferns/SM_Fern_01.uasset" 673
"../../../TPS2/Content/KiteDemo/Environments/Textures/T_Water_Screen_Noise_Soft.uasset" 674
"../../../TPS2/Content/KiteDemo/Environments/Foliage/Ferns/M_Fern_01_Inst.uasset" 675
"../../../TPS2/Content/KiteDemo/Environments/Foliage/Ferns/SM_Fern_02.uasset" 676
"../../../TPS2/Content/KiteDemo/Environments/Foliage/Ferns/SM_Fern_03.uasset" 677
"../../../Engine/Content/Functions/Engine_MaterialFunctions01/Gradient/LinearGradient.uasset" 678
"../../../Engine/Content/Functions/Engine_MaterialFunctions01/ImageAdjustment/CheapContrast.uasset" 679
"../../../Engine/Content/Functions/Engine_MaterialFunctions02/Texturing/ScreenAlignedPixelToPixelUVs.uasset" 680
"../../../Engine/Content/EngineMaterials/Good64x64TilingNoiseHighFreq.uasset" 681
"../../../Engine/Content/Functions/Engine_MaterialFunctions02/Utility/DitherTemporalAA.uasset" 682
"../../../TPS2/Content/KiteDemo/Environments/Foliage/Flowers/Buttercup/T_Buttercup_Patch_01_D.uasset" 683
"../../../TPS2/Content/KiteDemo/Environments/Foliage/Flowers/Buttercup/T_Buttercup_Patch_01_M.uasset" 684
"../../../TPS2/Content/KiteDemo/Environments/Foliage/Flowers/FieldScabious/T_SwirlNoise.uasset" 685
"../../../TPS2/Content/KiteDemo/Environments/Foliage/Flowers/Buttercup/M_Buttercup_Patch_01.uasset" 686
"../../../TPS2/Content/KiteDemo/Environments/Foliage/Flowers/Buttercup/M_Buttercup_Patch_01_Inst_NoWPO.uasset" 687
"../../../TPS2/Content/KiteDemo/Environments/Foliage/Flowers/Buttercup/SM_Buttercup_Patch_01.uasset" 688
"../../../Engine/Content/Functions/Engine_MaterialFunctions02/TangentBasis.uasset" 689
"../../../Engine/Content/Functions/Engine_MaterialFunctions01/WorldPositionOffset/SplineThicken.uasset" 690
"../../../TPS2/Content/KiteDemo/Environments/Foliage/Flowers/FieldScabious/T_FieldScabious01_D.uasset" 691
"../../../TPS2/Content/KiteDemo/Environments/Foliage/Flowers/FieldScabious/T_FieldScabious01_M.uasset" 692
"../../../TPS2/Content/KiteDemo/Environments/Foliage/Flowers/FieldScabious/T_FieldScabious01_N.uasset" 693
"../../../TPS2/Content/KiteDemo/Environments/Foliage/Flowers/FieldScabious/M_FieldScabious_01.uasset" 694
"../../../TPS2/Content/KiteDemo/Environments/Foliage/Flowers/FieldScabious/M_FieldScabious_01_Inst01.uasset" 695
"../../../TPS2/Content/KiteDemo/Environments/Foliage/Flowers/FieldScabious/M_FieldScabious_01_Inst02.uasset" 696
"../../../TPS2/Content/KiteDemo/Environments/Foliage/Flowers/FieldScabious/SM_FieldScabious_01.uasset" 697
"../../../TPS2/Content/KiteDemo/Environments/Foliage/Flowers/Heather/T_HeatherBranch4_D.uasset" 698
"../../../TPS2/Content/KiteDemo/Environments/Foliage/Flowers/Heather/T_HeatherBranch4_Mask2.uasset" 699
"../../../TPS2/Content/KiteDemo/Environments/Foliage/Flowers/Heather/T_HeatherBranch4_N.uasset" 700
"../../../TPS2/Content/KiteDemo/Environments/Foliage/Flowers/Heather/T_Ice_Noise.uasset" 701
"../../../TPS2/Content/KiteDemo/Environments/Foliage/Flowers/Heather/M_HeatherNew_Master.uasset" 702
"../../../TPS2/Content/KiteDemo/Environments/Textures/T_GDC_TilingRocks_01_DispMask.uasset" 703
"../../../TPS2/Content/KiteDemo/Environments/Foliage/Flowers/Heather/M_HeatherPatches_Inst2.uasset" 704
"../../../TPS2/Content/KiteDemo/Environments/Foliage/Flowers/Heather/SM_Heather_Mesh_Clumps2.uasset" 705
"../../../TPS2/Content/KiteDemo/Environments/Textures/MPC_Terrain.uasset" 706
"../../../TPS2/Content/KiteDemo/Environments/Foliage/Flowers/Heather/T_Grass_Blobby_Height_01.uasset" 707
"../../../TPS2/Content/KiteDemo/Environments/Foliage/Flowers/Heather/M_HeatherNew_MasterWorldColorVarience.uasset" 708
"../../../TPS2/Content/KiteDemo/Environments/Foliage/Flowers/Heather/M_HeatherPatches_Inst2_BrownPinkVairience.uasset" 709
"../../../TPS2/Content/KiteDemo/Environments/Foliage/Flowers/Heather/M_HeatherPatches_Inst2_BrownPinkVairience_NoWind.uasset" 710
"../../../TPS2/Content/KiteDemo/Environments/Foliage/Flowers/Heather/SM_Heather_Mesh_Clumps2_WorldPopulate.uasset" 711
"../../../TPS2/Content/KiteDemo/Environments/Foliage/Leaves/T_DeadLeavesAtlas_01_D.uasset" 712
"../../../TPS2/Content/KiteDemo/Environments/Foliage/Leaves/T_DeadLeavesAtlas_01_N.uasset" 713
"../../../TPS2/Content/KiteDemo/Environments/Foliage/Leaves/T_DeadLeavesAtlasTop_01_D.uasset" 714
"../../../TPS2/Content/KiteDemo/Environments/Foliage/Leaves/M_DeadLeaves.uasset" 715
"../../../TPS2/Content/KiteDemo/Environments/Foliage/Leaves/SM_DeadLeaves.uasset" 716
"../../../TPS2/Content/NewMap.umap" 717
"../../../Engine/Content/EngineSky/C_Sky_Cloud_Color.uasset" 718
"../../../Engine/Content/EngineSky/C_Sky_Horizon_Color.uasset" 719
"../../../Engine/Content/EngineSky/C_Sky_Zenith_Color.uasset" 720
"../../../Engine/Content/EngineSky/T_Sky_Blue.uasset" 721
"../../../Engine/Content/EngineSky/T_Sky_Clouds_M.uasset" 722
"../../../Engine/Content/EngineSky/T_Sky_Stars.uasset" 723
"../../../Engine/Content/EngineSky/M_Sky_Panning_Clouds2.uasset" 724
"../../../Engine/Content/EngineSky/SM_SkySphere.uasset" 725
"../../../Engine/Content/EngineSky/BP_Sky_Sphere.uasset" 726
"../../../TPS2/Content/Geometry/Meshes/CubeMaterial.uasset" 727
"../../../TPS2/Content/Geometry/Meshes/1M_Cube.uasset" 728
"../../../TPS2/Content/Geometry/Meshes/1M_Cube_Chamfer.uasset" 729
"../../../TPS2/Content/Geometry/Meshes/TemplateFloor.uasset" 730
"../../../TPS2/Content/ThirdPerson/Meshes/RampMaterial.uasset" 731
"../../../TPS2/Content/ThirdPerson/Meshes/Bump_StaticMesh.uasset" 732
"../../../TPS2/Content/ThirdPerson/Meshes/LeftArm_StaticMesh.uasset" 733
"../../../TPS2/Content/ThirdPerson/Meshes/Linear_Stair_StaticMesh.uasset" 734
"../../../TPS2/Content/ThirdPerson/Meshes/Ramp_StaticMesh.uasset" 735
"../../../TPS2/Content/ThirdPerson/Meshes/RightArm_StaticMesh.uasset" 736
"../../../TPS2/Content/ThirdPersonBP/Maps/ThirdPersonExampleMap.umap" 737
